
  .   ____          _            __ _ _
 /\\ / ___'_ __ _ _(_)_ __  __ _ \ \ \ \
( ( )\___ | '_ | '_| | '_ \/ _` | \ \ \ \
 \\/  ___)| |_)| | | | | || (_| |  ) ) ) )
  '  |____| .__|_| |_|_| |_\__, | / / / /
 =========|_|==============|___/=/_/_/_/
 :: Spring Boot ::        (v2.2.1.RELEASE)

2019-11-10 17:50:05.645  INFO 13082 --- [           main] c.c.dataLayer.DataLayerApplication       : Starting DataLayerApplication v0.0.1-SNAPSHOT on M309633L9HTD6.community.veritas.com with PID 13082 (/Users/mrinali.agarwal/Downloads/dataLayer/target/dataLayer-0.0.1-SNAPSHOT.jar started by mrinali.agarwal in /Users/mrinali.agarwal/Downloads/dataLayer/target)
2019-11-10 17:50:05.648  INFO 13082 --- [           main] c.c.dataLayer.DataLayerApplication       : No active profile set, falling back to default profiles: default
2019-11-10 17:50:06.210  INFO 13082 --- [           main] .s.d.r.c.RepositoryConfigurationDelegate : Bootstrapping Spring Data repositories in DEFAULT mode.
2019-11-10 17:50:06.268  INFO 13082 --- [           main] .s.d.r.c.RepositoryConfigurationDelegate : Finished Spring Data repository scanning in 53ms. Found 1 repository interfaces.
2019-11-10 17:50:06.742  INFO 13082 --- [           main] o.s.b.w.embedded.tomcat.TomcatWebServer  : Tomcat initialized with port(s): 8080 (http)
2019-11-10 17:50:06.756  INFO 13082 --- [           main] o.apache.catalina.core.StandardService   : Starting service [Tomcat]
2019-11-10 17:50:06.756  INFO 13082 --- [           main] org.apache.catalina.core.StandardEngine  : Starting Servlet engine: [Apache Tomcat/9.0.27]
2019-11-10 17:50:06.819  INFO 13082 --- [           main] o.a.c.c.C.[Tomcat].[localhost].[/]       : Initializing Spring embedded WebApplicationContext
2019-11-10 17:50:06.819  INFO 13082 --- [           main] o.s.web.context.ContextLoader            : Root WebApplicationContext: initialization completed in 1129 ms
2019-11-10 17:50:07.076  INFO 13082 --- [           main] org.mongodb.driver.cluster               : Cluster created with settings {hosts=[localhost:27017], mode=MULTIPLE, requiredClusterType=UNKNOWN, serverSelectionTimeout='30000 ms', maxWaitQueueSize=500}
2019-11-10 17:50:07.076  INFO 13082 --- [           main] org.mongodb.driver.cluster               : Adding discovered server localhost:27017 to client view of cluster
2019-11-10 17:50:07.209  INFO 13082 --- [localhost:27017] org.mongodb.driver.connection            : Opened connection [connectionId{localValue:1, serverValue:46}] to localhost:27017
2019-11-10 17:50:07.213  INFO 13082 --- [localhost:27017] org.mongodb.driver.cluster               : Monitor thread successfully connected to server with description ServerDescription{address=localhost:27017, type=STANDALONE, state=CONNECTED, ok=true, version=ServerVersion{versionList=[4, 0, 9]}, minWireVersion=0, maxWireVersion=7, maxDocumentSize=16777216, logicalSessionTimeoutMinutes=30, roundTripTimeNanos=3149299}
2019-11-10 17:50:07.214  INFO 13082 --- [localhost:27017] org.mongodb.driver.cluster               : Discovered cluster type of STANDALONE
2019-11-10 17:50:07.258  WARN 13082 --- [           main] o.s.data.convert.CustomConversions       : Registering converter from class java.time.LocalDateTime to class java.time.Instant as reading converter although it doesn't convert from a store-supported type! You might wanna check you annotation setup at the converter implementation.
2019-11-10 17:50:07.258  WARN 13082 --- [           main] o.s.data.convert.CustomConversions       : Registering converter from class java.time.Instant to class java.time.LocalDateTime as reading converter although it doesn't convert from a store-supported type! You might wanna check you annotation setup at the converter implementation.
2019-11-10 17:50:07.310  WARN 13082 --- [           main] o.s.data.convert.CustomConversions       : Registering converter from class java.time.LocalDateTime to class java.time.Instant as reading converter although it doesn't convert from a store-supported type! You might wanna check you annotation setup at the converter implementation.
2019-11-10 17:50:07.310  WARN 13082 --- [           main] o.s.data.convert.CustomConversions       : Registering converter from class java.time.Instant to class java.time.LocalDateTime as reading converter although it doesn't convert from a store-supported type! You might wanna check you annotation setup at the converter implementation.
2019-11-10 17:50:07.564  INFO 13082 --- [           main] o.s.s.concurrent.ThreadPoolTaskExecutor  : Initializing ExecutorService 'applicationTaskExecutor'
2019-11-10 17:50:07.752  INFO 13082 --- [           main] o.s.b.w.embedded.tomcat.TomcatWebServer  : Tomcat started on port(s): 8080 (http) with context path ''
2019-11-10 17:50:07.754  INFO 13082 --- [           main] c.c.dataLayer.DataLayerApplication       : Started DataLayerApplication in 2.464 seconds (JVM running for 2.859)
2019-11-10 17:50:18.612  INFO 13082 --- [nio-8080-exec-1] o.a.c.c.C.[Tomcat].[localhost].[/]       : Initializing Spring DispatcherServlet 'dispatcherServlet'
2019-11-10 17:50:18.612  INFO 13082 --- [nio-8080-exec-1] o.s.web.servlet.DispatcherServlet        : Initializing Servlet 'dispatcherServlet'
2019-11-10 17:50:18.618  INFO 13082 --- [nio-8080-exec-1] o.s.web.servlet.DispatcherServlet        : Completed initialization in 6 ms
2019-11-10 17:50:18.720  INFO 13082 --- [nio-8080-exec-1] org.mongodb.driver.connection            : Opened connection [connectionId{localValue:2, serverValue:47}] to localhost:27017
